# JRE version: Java(TM) SE Runtime Environment (8.0_202-b08) (build 1.8.0_202-b08)
# Java VM: Java HotSpot(TM) 64-Bit Server VM (25.202-b08 mixed mode windows-amd64 compressed oops)
Heap:
 PSYoungGen      total 182272K, used 77530K [0x00000000d5a00000, 0x00000000e4100000, 0x0000000100000000)
  eden space 172032K, 39% used [0x00000000d5a00000,0x00000000d9bbba88,0x00000000e0200000)
  from space 10240K, 99% used [0x00000000e0200000,0x00000000e0bfae00,0x00000000e0c00000)
  to   space 10240K, 0% used [0x00000000e0c00000,0x00000000e0c00000,0x00000000e1600000)
 ParOldGen       total 80384K, used 21499K [0x0000000080e00000, 0x0000000085c80000, 0x00000000d5a00000)
  object space 80384K, 26% used [0x0000000080e00000,0x00000000822fecc8,0x0000000085c80000)
 Metaspace       used 54816K, capacity 58070K, committed 58200K, reserved 1099776K
  class space    used 7470K, capacity 8030K, committed 8064K, reserved 1048576K
GC Heap History (10 events):
Event: 2.498 GC heap before
{Heap before GC invocations=7 (full 1):
 PSYoungGen      total 71680K, used 66560K [0x00000000d5a00000, 0x00000000dec00000, 0x0000000100000000)
  eden space 66560K, 100% used [0x00000000d5a00000,0x00000000d9b00000,0x00000000d9b00000)
  from space 5120K, 0% used [0x00000000d9b00000,0x00000000d9b00000,0x00000000da000000)
  to   space 8192K, 0% used [0x00000000de400000,0x00000000de400000,0x00000000dec00000)
 ParOldGen       total 53760K, used 6257K [0x0000000080e00000, 0x0000000084280000, 0x00000000d5a00000)
  object space 53760K, 11% used [0x0000000080e00000,0x000000008141c618,0x0000000084280000)
 Metaspace       used 24193K, capacity 25506K, committed 25728K, reserved 1071104K
  class space    used 3070K, capacity 3331K, committed 3456K, reserved 1048576K
Event: 2.506 GC heap after
Heap after GC invocations=7 (full 1):
 PSYoungGen      total 115712K, used 6902K [0x00000000d5a00000, 0x00000000deb00000, 0x0000000100000000)
  eden space 108544K, 0% used [0x00000000d5a00000,0x00000000d5a00000,0x00000000dc400000)
  from space 7168K, 96% used [0x00000000de400000,0x00000000deabd920,0x00000000deb00000)
  to   space 8704K, 0% used [0x00000000dda00000,0x00000000dda00000,0x00000000de280000)
 ParOldGen       total 53760K, used 6265K [0x0000000080e00000, 0x0000000084280000, 0x00000000d5a00000)
  object space 53760K, 11% used [0x0000000080e00000,0x000000008141e618,0x0000000084280000)
 Metaspace       used 24193K, capacity 25506K, committed 25728K, reserved 1071104K
  class space    used 3070K, capacity 3331K, committed 3456K, reserved 1048576K
}
Event: 3.702 GC heap before
{Heap before GC invocations=8 (full 1):
 PSYoungGen      total 115712K, used 115446K [0x00000000d5a00000, 0x00000000deb00000, 0x0000000100000000)
  eden space 108544K, 100% used [0x00000000d5a00000,0x00000000dc400000,0x00000000dc400000)
  from space 7168K, 96% used [0x00000000de400000,0x00000000deabd920,0x00000000deb00000)
  to   space 8704K, 0% used [0x00000000dda00000,0x00000000dda00000,0x00000000de280000)
 ParOldGen       total 53760K, used 6265K [0x0000000080e00000, 0x0000000084280000, 0x00000000d5a00000)
  object space 53760K, 11% used [0x0000000080e00000,0x000000008141e618,0x0000000084280000)
 Metaspace       used 31216K, capacity 33248K, committed 33408K, reserved 1079296K
  class space    used 4016K, capacity 4410K, committed 4480K, reserved 1048576K
Event: 3.712 GC heap after
Heap after GC invocations=8 (full 1):
 PSYoungGen      total 139776K, used 8680K [0x00000000d5a00000, 0x00000000e1600000, 0x0000000100000000)
  eden space 131072K, 0% used [0x00000000d5a00000,0x00000000d5a00000,0x00000000dda00000)
  from space 8704K, 99% used [0x00000000dda00000,0x00000000de27a240,0x00000000de280000)
  to   space 10240K, 0% used [0x00000000e0c00000,0x00000000e0c00000,0x00000000e1600000)
 ParOldGen       total 53760K, used 7787K [0x0000000080e00000, 0x0000000084280000, 0x00000000d5a00000)
  object space 53760K, 14% used [0x0000000080e00000,0x000000008159ac50,0x0000000084280000)
 Metaspace       used 31216K, capacity 33248K, committed 33408K, reserved 1079296K
  class space    used 4016K, capacity 4410K, committed 4480K, reserved 1048576K
}
Event: 3.993 GC heap before
{Heap before GC invocations=9 (full 1):
 PSYoungGen      total 139776K, used 33864K [0x00000000d5a00000, 0x00000000e1600000, 0x0000000100000000)
  eden space 131072K, 19% used [0x00000000d5a00000,0x00000000d7297fd8,0x00000000dda00000)
  from space 8704K, 99% used [0x00000000dda00000,0x00000000de27a240,0x00000000de280000)
  to   space 10240K, 0% used [0x00000000e0c00000,0x00000000e0c00000,0x00000000e1600000)
 ParOldGen       total 53760K, used 7787K [0x0000000080e00000, 0x0000000084280000, 0x00000000d5a00000)
  object space 53760K, 14% used [0x0000000080e00000,0x000000008159ac50,0x0000000084280000)
 Metaspace       used 33257K, capacity 35340K, committed 35416K, reserved 1079296K
  class space    used 4282K, capacity 4690K, committed 4736K, reserved 1048576K
Event: 4.006 GC heap after
Heap after GC invocations=9 (full 1):
 PSYoungGen      total 182272K, used 7904K [0x00000000d5a00000, 0x00000000e4100000, 0x0000000100000000)
  eden space 172032K, 0% used [0x00000000d5a00000,0x00000000d5a00000,0x00000000e0200000)
  from space 10240K, 77% used [0x00000000e0c00000,0x00000000e13b8008,0x00000000e1600000)
  to   space 10240K, 0% used [0x00000000e0200000,0x00000000e0200000,0x00000000e0c00000)
 ParOldGen       total 53760K, used 7795K [0x0000000080e00000, 0x0000000084280000, 0x00000000d5a00000)
  object space 53760K, 14% used [0x0000000080e00000,0x000000008159cc50,0x0000000084280000)
 Metaspace       used 33257K, capacity 35340K, committed 35416K, reserved 1079296K
  class space    used 4282K, capacity 4690K, committed 4736K, reserved 1048576K
}
Event: 4.006 GC heap before
{Heap before GC invocations=10 (full 2):
 PSYoungGen      total 182272K, used 7904K [0x00000000d5a00000, 0x00000000e4100000, 0x0000000100000000)
  eden space 172032K, 0% used [0x00000000d5a00000,0x00000000d5a00000,0x00000000e0200000)
  from space 10240K, 77% used [0x00000000e0c00000,0x00000000e13b8008,0x00000000e1600000)
  to   space 10240K, 0% used [0x00000000e0200000,0x00000000e0200000,0x00000000e0c00000)
 ParOldGen       total 53760K, used 7795K [0x0000000080e00000, 0x0000000084280000, 0x00000000d5a00000)
  object space 53760K, 14% used [0x0000000080e00000,0x000000008159cc50,0x0000000084280000)
 Metaspace       used 33257K, capacity 35340K, committed 35416K, reserved 1079296K
  class space    used 4282K, capacity 4690K, committed 4736K, reserved 1048576K
Event: 4.071 GC heap after
Heap after GC invocations=10 (full 2):
 PSYoungGen      total 182272K, used 0K [0x00000000d5a00000, 0x00000000e4100000, 0x0000000100000000)
  eden space 172032K, 0% used [0x00000000d5a00000,0x00000000d5a00000,0x00000000e0200000)
  from space 10240K, 0% used [0x00000000e0c00000,0x00000000e0c00000,0x00000000e1600000)
  to   space 10240K, 0% used [0x00000000e0200000,0x00000000e0200000,0x00000000e0c00000)
 ParOldGen       total 80384K, used 12650K [0x0000000080e00000, 0x0000000085c80000, 0x00000000d5a00000)
  object space 80384K, 15% used [0x0000000080e00000,0x0000000081a5abd8,0x0000000085c80000)
 Metaspace       used 33257K, capacity 35340K, committed 35416K, reserved 1079296K
  class space    used 4282K, capacity 4690K, committed 4736K, reserved 1048576K
}
Event: 6.386 GC heap before
{Heap before GC invocations=11 (full 2):
 PSYoungGen      total 182272K, used 172032K [0x00000000d5a00000, 0x00000000e4100000, 0x0000000100000000)
  eden space 172032K, 100% used [0x00000000d5a00000,0x00000000e0200000,0x00000000e0200000)
  from space 10240K, 0% used [0x00000000e0c00000,0x00000000e0c00000,0x00000000e1600000)
  to   space 10240K, 0% used [0x00000000e0200000,0x00000000e0200000,0x00000000e0c00000)
 ParOldGen       total 80384K, used 12650K [0x0000000080e00000, 0x0000000085c80000, 0x00000000d5a00000)
  object space 80384K, 15% used [0x0000000080e00000,0x0000000081a5abd8,0x0000000085c80000)
 Metaspace       used 49829K, capacity 52438K, committed 52568K, reserved 1095680K
  class space    used 6783K, capacity 7256K, committed 7296K, reserved 1048576K
Event: 6.412 GC heap after
Heap after GC invocations=11 (full 2):
 PSYoungGen      total 182272K, used 10219K [0x00000000d5a00000, 0x00000000e4100000, 0x0000000100000000)
  eden space 172032K, 0% used [0x00000000d5a00000,0x00000000d5a00000,0x00000000e0200000)
  from space 10240K, 99% used [0x00000000e0200000,0x00000000e0bfae00,0x00000000e0c00000)
  to   space 10240K, 0% used [0x00000000e0c00000,0x00000000e0c00000,0x00000000e1600000)
 ParOldGen       total 80384K, used 21499K [0x0000000080e00000, 0x0000000085c80000, 0x00000000d5a00000)
  object space 80384K, 26% used [0x0000000080e00000,0x00000000822fecc8,0x0000000085c80000)
 Metaspace       used 49829K, capacity 52438K, committed 52568K, reserved 1095680K
  class space    used 6783K, capacity 7256K, committed 7296K, reserved 1048576K
}

