# JRE version: Java(TM) SE Runtime Environment (8.0_202-b08) (build 1.8.0_202-b08)
# Java VM: Java HotSpot(TM) 64-Bit Server VM (25.202-b08 mixed mode windows-amd64 compressed oops)
Heap:
 PSYoungGen      total 183296K, used 60585K [0x00000000d5a00000, 0x00000000e3880000, 0x0000000100000000)
  eden space 173056K, 35% used [0x00000000d5a00000,0x00000000d952a5a8,0x00000000e0300000)
  from space 10240K, 0% used [0x00000000e0e00000,0x00000000e0e00000,0x00000000e1800000)
  to   space 11264K, 0% used [0x00000000e0300000,0x00000000e0300000,0x00000000e0e00000)
 ParOldGen       total 53248K, used 19281K [0x0000000080e00000, 0x0000000084200000, 0x00000000d5a00000)
  object space 53248K, 36% used [0x0000000080e00000,0x00000000820d4560,0x0000000084200000)
 Metaspace       used 45706K, capacity 48200K, committed 48600K, reserved 1093632K
  class space    used 6115K, capacity 6587K, committed 6656K, reserved 1048576K
GC Heap History (10 events):
Event: 3.574 GC heap before
{Heap before GC invocations=10 (full 2):
 PSYoungGen      total 184320K, used 8000K [0x00000000d5a00000, 0x00000000e4400000, 0x0000000100000000)
  eden space 174080K, 0% used [0x00000000d5a00000,0x00000000d5a00000,0x00000000e0400000)
  from space 10240K, 78% used [0x00000000e0e00000,0x00000000e15d0008,0x00000000e1800000)
  to   space 10240K, 0% used [0x00000000e0400000,0x00000000e0400000,0x00000000e0e00000)
 ParOldGen       total 53248K, used 8159K [0x0000000080e00000, 0x0000000084200000, 0x00000000d5a00000)
  object space 53248K, 15% used [0x0000000080e00000,0x00000000815f7f80,0x0000000084200000)
 Metaspace       used 33263K, capacity 35340K, committed 35416K, reserved 1079296K
  class space    used 4285K, capacity 4690K, committed 4736K, reserved 1048576K
Event: 3.661 GC heap after
Heap after GC invocations=10 (full 2):
 PSYoungGen      total 184320K, used 0K [0x00000000d5a00000, 0x00000000e4400000, 0x0000000100000000)
  eden space 174080K, 0% used [0x00000000d5a00000,0x00000000d5a00000,0x00000000e0400000)
  from space 10240K, 0% used [0x00000000e0e00000,0x00000000e0e00000,0x00000000e1800000)
  to   space 10240K, 0% used [0x00000000e0400000,0x00000000e0400000,0x00000000e0e00000)
 ParOldGen       total 53248K, used 12745K [0x0000000080e00000, 0x0000000084200000, 0x00000000d5a00000)
  object space 53248K, 23% used [0x0000000080e00000,0x0000000081a72420,0x0000000084200000)
 Metaspace       used 33263K, capacity 35340K, committed 35416K, reserved 1079296K
  class space    used 4285K, capacity 4690K, committed 4736K, reserved 1048576K
}
Event: 4.435 GC heap before
{Heap before GC invocations=11 (full 2):
 PSYoungGen      total 184320K, used 67974K [0x00000000d5a00000, 0x00000000e4400000, 0x0000000100000000)
  eden space 174080K, 39% used [0x00000000d5a00000,0x00000000d9c61ba0,0x00000000e0400000)
  from space 10240K, 0% used [0x00000000e0e00000,0x00000000e0e00000,0x00000000e1800000)
  to   space 10240K, 0% used [0x00000000e0400000,0x00000000e0400000,0x00000000e0e00000)
 ParOldGen       total 53248K, used 12745K [0x0000000080e00000, 0x0000000084200000, 0x00000000d5a00000)
  object space 53248K, 23% used [0x0000000080e00000,0x0000000081a72420,0x0000000084200000)
 Metaspace       used 40186K, capacity 42508K, committed 42584K, reserved 1089536K
  class space    used 5327K, capacity 5745K, committed 5760K, reserved 1048576K
Event: 4.443 GC heap after
Heap after GC invocations=11 (full 2):
 PSYoungGen      total 184320K, used 8425K [0x00000000d5a00000, 0x00000000e4400000, 0x0000000100000000)
  eden space 174080K, 0% used [0x00000000d5a00000,0x00000000d5a00000,0x00000000e0400000)
  from space 10240K, 82% used [0x00000000e0400000,0x00000000e0c3a5b8,0x00000000e0e00000)
  to   space 10240K, 0% used [0x00000000e0e00000,0x00000000e0e00000,0x00000000e1800000)
 ParOldGen       total 53248K, used 12753K [0x0000000080e00000, 0x0000000084200000, 0x00000000d5a00000)
  object space 53248K, 23% used [0x0000000080e00000,0x0000000081a74420,0x0000000084200000)
 Metaspace       used 40186K, capacity 42508K, committed 42584K, reserved 1089536K
  class space    used 5327K, capacity 5745K, committed 5760K, reserved 1048576K
}
Event: 4.443 GC heap before
{Heap before GC invocations=12 (full 3):
 PSYoungGen      total 184320K, used 8425K [0x00000000d5a00000, 0x00000000e4400000, 0x0000000100000000)
  eden space 174080K, 0% used [0x00000000d5a00000,0x00000000d5a00000,0x00000000e0400000)
  from space 10240K, 82% used [0x00000000e0400000,0x00000000e0c3a5b8,0x00000000e0e00000)
  to   space 10240K, 0% used [0x00000000e0e00000,0x00000000e0e00000,0x00000000e1800000)
 ParOldGen       total 53248K, used 12753K [0x0000000080e00000, 0x0000000084200000, 0x00000000d5a00000)
  object space 53248K, 23% used [0x0000000080e00000,0x0000000081a74420,0x0000000084200000)
 Metaspace       used 40186K, capacity 42508K, committed 42584K, reserved 1089536K
  class space    used 5327K, capacity 5745K, committed 5760K, reserved 1048576K
Event: 4.530 GC heap after
Heap after GC invocations=12 (full 3):
 PSYoungGen      total 184320K, used 0K [0x00000000d5a00000, 0x00000000e4400000, 0x0000000100000000)
  eden space 174080K, 0% used [0x00000000d5a00000,0x00000000d5a00000,0x00000000e0400000)
  from space 10240K, 0% used [0x00000000e0400000,0x00000000e0400000,0x00000000e0e00000)
  to   space 10240K, 0% used [0x00000000e0e00000,0x00000000e0e00000,0x00000000e1800000)
 ParOldGen       total 53248K, used 19375K [0x0000000080e00000, 0x0000000084200000, 0x00000000d5a00000)
  object space 53248K, 36% used [0x0000000080e00000,0x00000000820ebd88,0x0000000084200000)
 Metaspace       used 40186K, capacity 42508K, committed 42584K, reserved 1087488K
  class space    used 5327K, capacity 5745K, committed 5760K, reserved 1048576K
}
Event: 4.530 GC heap before
{Heap before GC invocations=13 (full 3):
 PSYoungGen      total 184320K, used 0K [0x00000000d5a00000, 0x00000000e4400000, 0x0000000100000000)
  eden space 174080K, 0% used [0x00000000d5a00000,0x00000000d5a00000,0x00000000e0400000)
  from space 10240K, 0% used [0x00000000e0400000,0x00000000e0400000,0x00000000e0e00000)
  to   space 10240K, 0% used [0x00000000e0e00000,0x00000000e0e00000,0x00000000e1800000)
 ParOldGen       total 53248K, used 19375K [0x0000000080e00000, 0x0000000084200000, 0x00000000d5a00000)
  object space 53248K, 36% used [0x0000000080e00000,0x00000000820ebd88,0x0000000084200000)
 Metaspace       used 40186K, capacity 42508K, committed 42584K, reserved 1091584K
  class space    used 5327K, capacity 5745K, committed 5760K, reserved 1048576K
Event: 4.532 GC heap after
Heap after GC invocations=13 (full 3):
 PSYoungGen      total 183296K, used 0K [0x00000000d5a00000, 0x00000000e3880000, 0x0000000100000000)
  eden space 173056K, 0% used [0x00000000d5a00000,0x00000000d5a00000,0x00000000e0300000)
  from space 10240K, 0% used [0x00000000e0e00000,0x00000000e0e00000,0x00000000e1800000)
  to   space 11264K, 0% used [0x00000000e0300000,0x00000000e0300000,0x00000000e0e00000)
 ParOldGen       total 53248K, used 19375K [0x0000000080e00000, 0x0000000084200000, 0x00000000d5a00000)
  object space 53248K, 36% used [0x0000000080e00000,0x00000000820ebd88,0x0000000084200000)
 Metaspace       used 40186K, capacity 42508K, committed 42584K, reserved 1091584K
  class space    used 5327K, capacity 5745K, committed 5760K, reserved 1048576K
}
Event: 4.532 GC heap before
{Heap before GC invocations=14 (full 4):
 PSYoungGen      total 183296K, used 0K [0x00000000d5a00000, 0x00000000e3880000, 0x0000000100000000)
  eden space 173056K, 0% used [0x00000000d5a00000,0x00000000d5a00000,0x00000000e0300000)
  from space 10240K, 0% used [0x00000000e0e00000,0x00000000e0e00000,0x00000000e1800000)
  to   space 11264K, 0% used [0x00000000e0300000,0x00000000e0300000,0x00000000e0e00000)
 ParOldGen       total 53248K, used 19375K [0x0000000080e00000, 0x0000000084200000, 0x00000000d5a00000)
  object space 53248K, 36% used [0x0000000080e00000,0x00000000820ebd88,0x0000000084200000)
 Metaspace       used 40186K, capacity 42508K, committed 42584K, reserved 1091584K
  class space    used 5327K, capacity 5745K, committed 5760K, reserved 1048576K
Event: 4.559 GC heap after
Heap after GC invocations=14 (full 4):
 PSYoungGen      total 183296K, used 0K [0x00000000d5a00000, 0x00000000e3880000, 0x0000000100000000)
  eden space 173056K, 0% used [0x00000000d5a00000,0x00000000d5a00000,0x00000000e0300000)
  from space 10240K, 0% used [0x00000000e0e00000,0x00000000e0e00000,0x00000000e1800000)
  to   space 11264K, 0% used [0x00000000e0300000,0x00000000e0300000,0x00000000e0e00000)
 ParOldGen       total 53248K, used 19281K [0x0000000080e00000, 0x0000000084200000, 0x00000000d5a00000)
  object space 53248K, 36% used [0x0000000080e00000,0x00000000820d4560,0x0000000084200000)
 Metaspace       used 40186K, capacity 42508K, committed 42584K, reserved 1087488K
  class space    used 5327K, capacity 5745K, committed 5760K, reserved 1048576K
}

