# JRE version: Java(TM) SE Runtime Environment (8.0_202-b08) (build 1.8.0_202-b08)
# Java VM: Java HotSpot(TM) 64-Bit Server VM (25.202-b08 mixed mode windows-amd64 compressed oops)
Heap:
 PSYoungGen      total 38400K, used 31406K [0x00000000d5a00000, 0x00000000d8480000, 0x0000000100000000)
  eden space 33280K, 94% used [0x00000000d5a00000,0x00000000d78ab830,0x00000000d7a80000)
  from space 5120K, 0% used [0x00000000d7a80000,0x00000000d7a80000,0x00000000d7f80000)
  to   space 5120K, 0% used [0x00000000d7f80000,0x00000000d7f80000,0x00000000d8480000)
 ParOldGen       total 60928K, used 671K [0x0000000080e00000, 0x0000000084980000, 0x00000000d5a00000)
  object space 60928K, 1% used [0x0000000080e00000,0x0000000080ea7d18,0x0000000084980000)
 Metaspace       used 9976K, capacity 10320K, committed 10624K, reserved 1062912K
  class space    used 1186K, capacity 1300K, committed 1408K, reserved 1048576K
GC Heap History (4 events):
Event: 0.213 GC heap before
{Heap before GC invocations=1 (full 0):
 PSYoungGen      total 38400K, used 1997K [0x00000000d5a00000, 0x00000000d8480000, 0x0000000100000000)
  eden space 33280K, 6% used [0x00000000d5a00000,0x00000000d5bf34d0,0x00000000d7a80000)
  from space 5120K, 0% used [0x00000000d7f80000,0x00000000d7f80000,0x00000000d8480000)
  to   space 5120K, 0% used [0x00000000d7a80000,0x00000000d7a80000,0x00000000d7f80000)
 ParOldGen       total 87552K, used 0K [0x0000000080e00000, 0x0000000086380000, 0x00000000d5a00000)
  object space 87552K, 0% used [0x0000000080e00000,0x0000000080e00000,0x0000000086380000)
 Metaspace       used 2626K, capacity 4482K, committed 4608K, reserved 1062912K
  class space    used 279K, capacity 386K, committed 512K, reserved 1048576K
Event: 0.214 GC heap after
Heap after GC invocations=1 (full 0):
 PSYoungGen      total 38400K, used 809K [0x00000000d5a00000, 0x00000000d8480000, 0x0000000100000000)
  eden space 33280K, 0% used [0x00000000d5a00000,0x00000000d5a00000,0x00000000d7a80000)
  from space 5120K, 15% used [0x00000000d7a80000,0x00000000d7b4a610,0x00000000d7f80000)
  to   space 5120K, 0% used [0x00000000d7f80000,0x00000000d7f80000,0x00000000d8480000)
 ParOldGen       total 87552K, used 8K [0x0000000080e00000, 0x0000000086380000, 0x00000000d5a00000)
  object space 87552K, 0% used [0x0000000080e00000,0x0000000080e02000,0x0000000086380000)
 Metaspace       used 2626K, capacity 4482K, committed 4608K, reserved 1062912K
  class space    used 279K, capacity 386K, committed 512K, reserved 1048576K
}
Event: 0.214 GC heap before
{Heap before GC invocations=2 (full 1):
 PSYoungGen      total 38400K, used 809K [0x00000000d5a00000, 0x00000000d8480000, 0x0000000100000000)
  eden space 33280K, 0% used [0x00000000d5a00000,0x00000000d5a00000,0x00000000d7a80000)
  from space 5120K, 15% used [0x00000000d7a80000,0x00000000d7b4a610,0x00000000d7f80000)
  to   space 5120K, 0% used [0x00000000d7f80000,0x00000000d7f80000,0x00000000d8480000)
 ParOldGen       total 87552K, used 8K [0x0000000080e00000, 0x0000000086380000, 0x00000000d5a00000)
  object space 87552K, 0% used [0x0000000080e00000,0x0000000080e02000,0x0000000086380000)
 Metaspace       used 2626K, capacity 4482K, committed 4608K, reserved 1062912K
  class space    used 279K, capacity 386K, committed 512K, reserved 1048576K
Event: 0.218 GC heap after
Heap after GC invocations=2 (full 1):
 PSYoungGen      total 38400K, used 0K [0x00000000d5a00000, 0x00000000d8480000, 0x0000000100000000)
  eden space 33280K, 0% used [0x00000000d5a00000,0x00000000d5a00000,0x00000000d7a80000)
  from space 5120K, 0% used [0x00000000d7a80000,0x00000000d7a80000,0x00000000d7f80000)
  to   space 5120K, 0% used [0x00000000d7f80000,0x00000000d7f80000,0x00000000d8480000)
 ParOldGen       total 60928K, used 671K [0x0000000080e00000, 0x0000000084980000, 0x00000000d5a00000)
  object space 60928K, 1% used [0x0000000080e00000,0x0000000080ea7d18,0x0000000084980000)
 Metaspace       used 2626K, capacity 4482K, committed 4608K, reserved 1058816K
  class space    used 279K, capacity 386K, committed 512K, reserved 1048576K
}

