# JRE version: Java(TM) SE Runtime Environment (8.0_202-b08) (build 1.8.0_202-b08)
# Java VM: Java HotSpot(TM) 64-Bit Server VM (25.202-b08 mixed mode windows-amd64 compressed oops)
Heap:
 PSYoungGen      total 129024K, used 6834K [0x00000000d5a00000, 0x00000000deb00000, 0x0000000100000000)
  eden space 122880K, 5% used [0x00000000d5a00000,0x00000000d60ac9f0,0x00000000dd200000)
  from space 6144K, 0% used [0x00000000de500000,0x00000000de500000,0x00000000deb00000)
  to   space 12800K, 0% used [0x00000000dd200000,0x00000000dd200000,0x00000000dde80000)
 ParOldGen       total 51200K, used 16655K [0x0000000080e00000, 0x0000000084000000, 0x00000000d5a00000)
  object space 51200K, 32% used [0x0000000080e00000,0x0000000081e43d00,0x0000000084000000)
 Metaspace       used 40606K, capacity 42826K, committed 43224K, reserved 1089536K
  class space    used 5364K, capacity 5772K, committed 5888K, reserved 1048576K
GC Heap History (10 events):
Event: 3.987 GC heap before
{Heap before GC invocations=11 (full 3):
 PSYoungGen      total 125440K, used 7949K [0x00000000d5a00000, 0x00000000ded00000, 0x0000000100000000)
  eden space 117248K, 0% used [0x00000000d5a00000,0x00000000d5a00000,0x00000000dcc80000)
  from space 8192K, 97% used [0x00000000de500000,0x00000000decc3780,0x00000000ded00000)
  to   space 9728K, 0% used [0x00000000dda00000,0x00000000dda00000,0x00000000de380000)
 ParOldGen       total 51200K, used 15678K [0x0000000080e00000, 0x0000000084000000, 0x00000000d5a00000)
  object space 51200K, 30% used [0x0000000080e00000,0x0000000081d4f8a0,0x0000000084000000)
 Metaspace       used 39981K, capacity 42302K, committed 42328K, reserved 1089536K
  class space    used 5311K, capacity 5744K, committed 5760K, reserved 1048576K
Event: 4.053 GC heap after
Heap after GC invocations=11 (full 3):
 PSYoungGen      total 125440K, used 0K [0x00000000d5a00000, 0x00000000ded00000, 0x0000000100000000)
  eden space 117248K, 0% used [0x00000000d5a00000,0x00000000d5a00000,0x00000000dcc80000)
  from space 8192K, 0% used [0x00000000de500000,0x00000000de500000,0x00000000ded00000)
  to   space 9728K, 0% used [0x00000000dda00000,0x00000000dda00000,0x00000000de380000)
 ParOldGen       total 51200K, used 18901K [0x0000000080e00000, 0x0000000084000000, 0x00000000d5a00000)
  object space 51200K, 36% used [0x0000000080e00000,0x0000000082075770,0x0000000084000000)
 Metaspace       used 39981K, capacity 42302K, committed 42328K, reserved 1087488K
  class space    used 5311K, capacity 5744K, committed 5760K, reserved 1048576K
}
Event: 4.053 GC heap before
{Heap before GC invocations=12 (full 3):
 PSYoungGen      total 125440K, used 0K [0x00000000d5a00000, 0x00000000ded00000, 0x0000000100000000)
  eden space 117248K, 0% used [0x00000000d5a00000,0x00000000d5a00000,0x00000000dcc80000)
  from space 8192K, 0% used [0x00000000de500000,0x00000000de500000,0x00000000ded00000)
  to   space 9728K, 0% used [0x00000000dda00000,0x00000000dda00000,0x00000000de380000)
 ParOldGen       total 51200K, used 18901K [0x0000000080e00000, 0x0000000084000000, 0x00000000d5a00000)
  object space 51200K, 36% used [0x0000000080e00000,0x0000000082075770,0x0000000084000000)
 Metaspace       used 39981K, capacity 42302K, committed 42328K, reserved 1091584K
  class space    used 5311K, capacity 5744K, committed 5760K, reserved 1048576K
Event: 4.054 GC heap after
Heap after GC invocations=12 (full 3):
 PSYoungGen      total 126976K, used 0K [0x00000000d5a00000, 0x00000000ded00000, 0x0000000100000000)
  eden space 117248K, 0% used [0x00000000d5a00000,0x00000000d5a00000,0x00000000dcc80000)
  from space 9728K, 0% used [0x00000000dda00000,0x00000000dda00000,0x00000000de380000)
  to   space 8192K, 0% used [0x00000000de500000,0x00000000de500000,0x00000000ded00000)
 ParOldGen       total 51200K, used 18901K [0x0000000080e00000, 0x0000000084000000, 0x00000000d5a00000)
  object space 51200K, 36% used [0x0000000080e00000,0x0000000082075770,0x0000000084000000)
 Metaspace       used 39981K, capacity 42302K, committed 42328K, reserved 1091584K
  class space    used 5311K, capacity 5744K, committed 5760K, reserved 1048576K
}
Event: 4.054 GC heap before
{Heap before GC invocations=13 (full 4):
 PSYoungGen      total 126976K, used 0K [0x00000000d5a00000, 0x00000000ded00000, 0x0000000100000000)
  eden space 117248K, 0% used [0x00000000d5a00000,0x00000000d5a00000,0x00000000dcc80000)
  from space 9728K, 0% used [0x00000000dda00000,0x00000000dda00000,0x00000000de380000)
  to   space 8192K, 0% used [0x00000000de500000,0x00000000de500000,0x00000000ded00000)
 ParOldGen       total 51200K, used 18901K [0x0000000080e00000, 0x0000000084000000, 0x00000000d5a00000)
  object space 51200K, 36% used [0x0000000080e00000,0x0000000082075770,0x0000000084000000)
 Metaspace       used 39981K, capacity 42302K, committed 42328K, reserved 1091584K
  class space    used 5311K, capacity 5744K, committed 5760K, reserved 1048576K
Event: 4.120 GC heap after
Heap after GC invocations=13 (full 4):
 PSYoungGen      total 126976K, used 0K [0x00000000d5a00000, 0x00000000ded00000, 0x0000000100000000)
  eden space 117248K, 0% used [0x00000000d5a00000,0x00000000d5a00000,0x00000000dcc80000)
  from space 9728K, 0% used [0x00000000dda00000,0x00000000dda00000,0x00000000de380000)
  to   space 8192K, 0% used [0x00000000de500000,0x00000000de500000,0x00000000ded00000)
 ParOldGen       total 51200K, used 16656K [0x0000000080e00000, 0x0000000084000000, 0x00000000d5a00000)
  object space 51200K, 32% used [0x0000000080e00000,0x0000000081e44318,0x0000000084000000)
 Metaspace       used 39847K, capacity 42086K, committed 42328K, reserved 1087488K
  class space    used 5287K, capacity 5700K, committed 5760K, reserved 1048576K
}
Event: 4.120 GC heap before
{Heap before GC invocations=14 (full 4):
 PSYoungGen      total 126976K, used 0K [0x00000000d5a00000, 0x00000000ded00000, 0x0000000100000000)
  eden space 117248K, 0% used [0x00000000d5a00000,0x00000000d5a00000,0x00000000dcc80000)
  from space 9728K, 0% used [0x00000000dda00000,0x00000000dda00000,0x00000000de380000)
  to   space 8192K, 0% used [0x00000000de500000,0x00000000de500000,0x00000000ded00000)
 ParOldGen       total 51200K, used 16656K [0x0000000080e00000, 0x0000000084000000, 0x00000000d5a00000)
  object space 51200K, 32% used [0x0000000080e00000,0x0000000081e44318,0x0000000084000000)
 Metaspace       used 39847K, capacity 42086K, committed 42328K, reserved 1093632K
  class space    used 5287K, capacity 5700K, committed 5760K, reserved 1048576K
Event: 4.122 GC heap after
Heap after GC invocations=14 (full 4):
 PSYoungGen      total 129024K, used 0K [0x00000000d5a00000, 0x00000000deb00000, 0x0000000100000000)
  eden space 122880K, 0% used [0x00000000d5a00000,0x00000000d5a00000,0x00000000dd200000)
  from space 6144K, 0% used [0x00000000de500000,0x00000000de500000,0x00000000deb00000)
  to   space 12800K, 0% used [0x00000000dd200000,0x00000000dd200000,0x00000000dde80000)
 ParOldGen       total 51200K, used 16656K [0x0000000080e00000, 0x0000000084000000, 0x00000000d5a00000)
  object space 51200K, 32% used [0x0000000080e00000,0x0000000081e44318,0x0000000084000000)
 Metaspace       used 39847K, capacity 42086K, committed 42328K, reserved 1093632K
  class space    used 5287K, capacity 5700K, committed 5760K, reserved 1048576K
}
Event: 4.122 GC heap before
{Heap before GC invocations=15 (full 5):
 PSYoungGen      total 129024K, used 0K [0x00000000d5a00000, 0x00000000deb00000, 0x0000000100000000)
  eden space 122880K, 0% used [0x00000000d5a00000,0x00000000d5a00000,0x00000000dd200000)
  from space 6144K, 0% used [0x00000000de500000,0x00000000de500000,0x00000000deb00000)
  to   space 12800K, 0% used [0x00000000dd200000,0x00000000dd200000,0x00000000dde80000)
 ParOldGen       total 51200K, used 16656K [0x0000000080e00000, 0x0000000084000000, 0x00000000d5a00000)
  object space 51200K, 32% used [0x0000000080e00000,0x0000000081e44318,0x0000000084000000)
 Metaspace       used 39847K, capacity 42086K, committed 42328K, reserved 1093632K
  class space    used 5287K, capacity 5700K, committed 5760K, reserved 1048576K
Event: 4.156 GC heap after
Heap after GC invocations=15 (full 5):
 PSYoungGen      total 129024K, used 0K [0x00000000d5a00000, 0x00000000deb00000, 0x0000000100000000)
  eden space 122880K, 0% used [0x00000000d5a00000,0x00000000d5a00000,0x00000000dd200000)
  from space 6144K, 0% used [0x00000000de500000,0x00000000de500000,0x00000000deb00000)
  to   space 12800K, 0% used [0x00000000dd200000,0x00000000dd200000,0x00000000dde80000)
 ParOldGen       total 51200K, used 16655K [0x0000000080e00000, 0x0000000084000000, 0x00000000d5a00000)
  object space 51200K, 32% used [0x0000000080e00000,0x0000000081e43d00,0x0000000084000000)
 Metaspace       used 39847K, capacity 42086K, committed 42328K, reserved 1087488K
  class space    used 5287K, capacity 5700K, committed 5760K, reserved 1048576K
}

