# JRE version: Java(TM) SE Runtime Environment (8.0_202-b08) (build 1.8.0_202-b08)
# Java VM: Java HotSpot(TM) 64-Bit Server VM (25.202-b08 mixed mode windows-amd64 compressed oops)
Heap:
 PSYoungGen      total 172032K, used 70662K [0x00000000d5a00000, 0x00000000e4180000, 0x0000000100000000)
  eden space 161792K, 37% used [0x00000000d5a00000,0x00000000d9506b80,0x00000000df800000)
  from space 10240K, 99% used [0x00000000df800000,0x00000000e01faf48,0x00000000e0200000)
  to   space 14336K, 0% used [0x00000000e3380000,0x00000000e3380000,0x00000000e4180000)
 ParOldGen       total 83456K, used 20636K [0x0000000080e00000, 0x0000000085f80000, 0x00000000d5a00000)
  object space 83456K, 24% used [0x0000000080e00000,0x00000000822271d8,0x0000000085f80000)
 Metaspace       used 54005K, capacity 57102K, committed 57304K, reserved 1099776K
  class space    used 7359K, capacity 7894K, committed 7936K, reserved 1048576K
GC Heap History (10 events):
Event: 2.261 GC heap before
{Heap before GC invocations=7 (full 1):
 PSYoungGen      total 71680K, used 66560K [0x00000000d5a00000, 0x00000000dec00000, 0x0000000100000000)
  eden space 66560K, 100% used [0x00000000d5a00000,0x00000000d9b00000,0x00000000d9b00000)
  from space 5120K, 0% used [0x00000000d9b00000,0x00000000d9b00000,0x00000000da000000)
  to   space 8192K, 0% used [0x00000000de400000,0x00000000de400000,0x00000000dec00000)
 ParOldGen       total 54784K, used 6246K [0x0000000080e00000, 0x0000000084380000, 0x00000000d5a00000)
  object space 54784K, 11% used [0x0000000080e00000,0x0000000081419b30,0x0000000084380000)
 Metaspace       used 24018K, capacity 25338K, committed 25600K, reserved 1071104K
  class space    used 3049K, capacity 3299K, committed 3328K, reserved 1048576K
Event: 2.268 GC heap after
Heap after GC invocations=7 (full 1):
 PSYoungGen      total 112640K, used 6724K [0x00000000d5a00000, 0x00000000deb00000, 0x0000000100000000)
  eden space 105472K, 0% used [0x00000000d5a00000,0x00000000d5a00000,0x00000000dc100000)
  from space 7168K, 93% used [0x00000000de400000,0x00000000dea91310,0x00000000deb00000)
  to   space 8192K, 0% used [0x00000000ddb00000,0x00000000ddb00000,0x00000000de300000)
 ParOldGen       total 54784K, used 6254K [0x0000000080e00000, 0x0000000084380000, 0x00000000d5a00000)
  object space 54784K, 11% used [0x0000000080e00000,0x000000008141bb30,0x0000000084380000)
 Metaspace       used 24018K, capacity 25338K, committed 25600K, reserved 1071104K
  class space    used 3049K, capacity 3299K, committed 3328K, reserved 1048576K
}
Event: 3.395 GC heap before
{Heap before GC invocations=8 (full 1):
 PSYoungGen      total 112640K, used 112196K [0x00000000d5a00000, 0x00000000deb00000, 0x0000000100000000)
  eden space 105472K, 100% used [0x00000000d5a00000,0x00000000dc100000,0x00000000dc100000)
  from space 7168K, 93% used [0x00000000de400000,0x00000000dea91310,0x00000000deb00000)
  to   space 8192K, 0% used [0x00000000ddb00000,0x00000000ddb00000,0x00000000de300000)
 ParOldGen       total 54784K, used 6254K [0x0000000080e00000, 0x0000000084380000, 0x00000000d5a00000)
  object space 54784K, 11% used [0x0000000080e00000,0x000000008141bb30,0x0000000084380000)
 Metaspace       used 30854K, capacity 32878K, committed 33024K, reserved 1077248K
  class space    used 3957K, capacity 4335K, committed 4352K, reserved 1048576K
Event: 3.405 GC heap after
Heap after GC invocations=8 (full 1):
 PSYoungGen      total 140288K, used 8183K [0x00000000d5a00000, 0x00000000e0b80000, 0x0000000100000000)
  eden space 132096K, 0% used [0x00000000d5a00000,0x00000000d5a00000,0x00000000ddb00000)
  from space 8192K, 99% used [0x00000000ddb00000,0x00000000de2fde58,0x00000000de300000)
  to   space 9728K, 0% used [0x00000000e0200000,0x00000000e0200000,0x00000000e0b80000)
 ParOldGen       total 54784K, used 8002K [0x0000000080e00000, 0x0000000084380000, 0x00000000d5a00000)
  object space 54784K, 14% used [0x0000000080e00000,0x00000000815d0a08,0x0000000084380000)
 Metaspace       used 30854K, capacity 32878K, committed 33024K, reserved 1077248K
  class space    used 3957K, capacity 4335K, committed 4352K, reserved 1048576K
}
Event: 3.701 GC heap before
{Heap before GC invocations=9 (full 1):
 PSYoungGen      total 140288K, used 38534K [0x00000000d5a00000, 0x00000000e0b80000, 0x0000000100000000)
  eden space 132096K, 22% used [0x00000000d5a00000,0x00000000d77a3b50,0x00000000ddb00000)
  from space 8192K, 99% used [0x00000000ddb00000,0x00000000de2fde58,0x00000000de300000)
  to   space 9728K, 0% used [0x00000000e0200000,0x00000000e0200000,0x00000000e0b80000)
 ParOldGen       total 54784K, used 8002K [0x0000000080e00000, 0x0000000084380000, 0x00000000d5a00000)
  object space 54784K, 14% used [0x0000000080e00000,0x00000000815d0a08,0x0000000084380000)
 Metaspace       used 33260K, capacity 35332K, committed 35416K, reserved 1079296K
  class space    used 4284K, capacity 4690K, committed 4736K, reserved 1048576K
Event: 3.709 GC heap after
Heap after GC invocations=9 (full 1):
 PSYoungGen      total 171520K, used 8224K [0x00000000d5a00000, 0x00000000e3480000, 0x0000000100000000)
  eden space 161792K, 0% used [0x00000000d5a00000,0x00000000d5a00000,0x00000000df800000)
  from space 9728K, 84% used [0x00000000e0200000,0x00000000e0a08008,0x00000000e0b80000)
  to   space 10240K, 0% used [0x00000000df800000,0x00000000df800000,0x00000000e0200000)
 ParOldGen       total 54784K, used 8010K [0x0000000080e00000, 0x0000000084380000, 0x00000000d5a00000)
  object space 54784K, 14% used [0x0000000080e00000,0x00000000815d2a08,0x0000000084380000)
 Metaspace       used 33260K, capacity 35332K, committed 35416K, reserved 1079296K
  class space    used 4284K, capacity 4690K, committed 4736K, reserved 1048576K
}
Event: 3.709 GC heap before
{Heap before GC invocations=10 (full 2):
 PSYoungGen      total 171520K, used 8224K [0x00000000d5a00000, 0x00000000e3480000, 0x0000000100000000)
  eden space 161792K, 0% used [0x00000000d5a00000,0x00000000d5a00000,0x00000000df800000)
  from space 9728K, 84% used [0x00000000e0200000,0x00000000e0a08008,0x00000000e0b80000)
  to   space 10240K, 0% used [0x00000000df800000,0x00000000df800000,0x00000000e0200000)
 ParOldGen       total 54784K, used 8010K [0x0000000080e00000, 0x0000000084380000, 0x00000000d5a00000)
  object space 54784K, 14% used [0x0000000080e00000,0x00000000815d2a08,0x0000000084380000)
 Metaspace       used 33260K, capacity 35332K, committed 35416K, reserved 1079296K
  class space    used 4284K, capacity 4690K, committed 4736K, reserved 1048576K
Event: 3.757 GC heap after
Heap after GC invocations=10 (full 2):
 PSYoungGen      total 171520K, used 0K [0x00000000d5a00000, 0x00000000e3480000, 0x0000000100000000)
  eden space 161792K, 0% used [0x00000000d5a00000,0x00000000d5a00000,0x00000000df800000)
  from space 9728K, 0% used [0x00000000e0200000,0x00000000e0200000,0x00000000e0b80000)
  to   space 10240K, 0% used [0x00000000df800000,0x00000000df800000,0x00000000e0200000)
 ParOldGen       total 83456K, used 12876K [0x0000000080e00000, 0x0000000085f80000, 0x00000000d5a00000)
  object space 83456K, 15% used [0x0000000080e00000,0x0000000081a930c8,0x0000000085f80000)
 Metaspace       used 33260K, capacity 35332K, committed 35416K, reserved 1079296K
  class space    used 4284K, capacity 4690K, committed 4736K, reserved 1048576K
}
Event: 5.464 GC heap before
{Heap before GC invocations=11 (full 2):
 PSYoungGen      total 171520K, used 161792K [0x00000000d5a00000, 0x00000000e3480000, 0x0000000100000000)
  eden space 161792K, 100% used [0x00000000d5a00000,0x00000000df800000,0x00000000df800000)
  from space 9728K, 0% used [0x00000000e0200000,0x00000000e0200000,0x00000000e0b80000)
  to   space 10240K, 0% used [0x00000000df800000,0x00000000df800000,0x00000000e0200000)
 ParOldGen       total 83456K, used 12876K [0x0000000080e00000, 0x0000000085f80000, 0x00000000d5a00000)
  object space 83456K, 15% used [0x0000000080e00000,0x0000000081a930c8,0x0000000085f80000)
 Metaspace       used 48826K, capacity 51442K, committed 51672K, reserved 1093632K
  class space    used 6644K, capacity 7118K, committed 7168K, reserved 1048576K
Event: 5.478 GC heap after
Heap after GC invocations=11 (full 2):
 PSYoungGen      total 172032K, used 10219K [0x00000000d5a00000, 0x00000000e4180000, 0x0000000100000000)
  eden space 161792K, 0% used [0x00000000d5a00000,0x00000000d5a00000,0x00000000df800000)
  from space 10240K, 99% used [0x00000000df800000,0x00000000e01faf48,0x00000000e0200000)
  to   space 14336K, 0% used [0x00000000e3380000,0x00000000e3380000,0x00000000e4180000)
 ParOldGen       total 83456K, used 20636K [0x0000000080e00000, 0x0000000085f80000, 0x00000000d5a00000)
  object space 83456K, 24% used [0x0000000080e00000,0x00000000822271d8,0x0000000085f80000)
 Metaspace       used 48826K, capacity 51442K, committed 51672K, reserved 1093632K
  class space    used 6644K, capacity 7118K, committed 7168K, reserved 1048576K
}

