# JRE version: Java(TM) SE Runtime Environment (8.0_202-b08) (build 1.8.0_202-b08)
# Java VM: Java HotSpot(TM) 64-Bit Server VM (25.202-b08 mixed mode windows-amd64 compressed oops)
Heap:
 PSYoungGen      total 126976K, used 32587K [0x00000000d5a00000, 0x00000000ded00000, 0x0000000100000000)
  eden space 117248K, 27% used [0x00000000d5a00000,0x00000000d79d2f00,0x00000000dcc80000)
  from space 9728K, 0% used [0x00000000dda00000,0x00000000dda00000,0x00000000de380000)
  to   space 8192K, 0% used [0x00000000de500000,0x00000000de500000,0x00000000ded00000)
 ParOldGen       total 51712K, used 15696K [0x0000000080e00000, 0x0000000084080000, 0x00000000d5a00000)
  object space 51712K, 30% used [0x0000000080e00000,0x0000000081d54338,0x0000000084080000)
 Metaspace       used 36598K, capacity 38840K, committed 39128K, reserved 1083392K
  class space    used 4938K, capacity 5367K, committed 5376K, reserved 1048576K
GC Heap History (10 events):
Event: 1.688 GC heap before
{Heap before GC invocations=5 (full 0):
 PSYoungGen      total 71680K, used 26954K [0x00000000d5a00000, 0x00000000da500000, 0x0000000100000000)
  eden space 66560K, 32% used [0x00000000d5a00000,0x00000000d6f622c0,0x00000000d9b00000)
  from space 5120K, 98% used [0x00000000da000000,0x00000000da4f06b0,0x00000000da500000)
  to   space 5120K, 0% used [0x00000000d9b00000,0x00000000d9b00000,0x00000000da000000)
 ParOldGen       total 87552K, used 5742K [0x0000000080e00000, 0x0000000086380000, 0x00000000d5a00000)
  object space 87552K, 6% used [0x0000000080e00000,0x000000008139b948,0x0000000086380000)
 Metaspace       used 20216K, capacity 21120K, committed 21248K, reserved 1067008K
  class space    used 2520K, capacity 2724K, committed 2816K, reserved 1048576K
Event: 1.695 GC heap after
Heap after GC invocations=5 (full 0):
 PSYoungGen      total 71680K, used 5090K [0x00000000d5a00000, 0x00000000dee00000, 0x0000000100000000)
  eden space 66560K, 0% used [0x00000000d5a00000,0x00000000d5a00000,0x00000000d9b00000)
  from space 5120K, 99% used [0x00000000d9b00000,0x00000000d9ff8860,0x00000000da000000)
  to   space 9216K, 0% used [0x00000000de500000,0x00000000de500000,0x00000000dee00000)
 ParOldGen       total 87552K, used 7610K [0x0000000080e00000, 0x0000000086380000, 0x00000000d5a00000)
  object space 87552K, 8% used [0x0000000080e00000,0x000000008156e9a0,0x0000000086380000)
 Metaspace       used 20216K, capacity 21120K, committed 21248K, reserved 1067008K
  class space    used 2520K, capacity 2724K, committed 2816K, reserved 1048576K
}
Event: 1.695 GC heap before
{Heap before GC invocations=6 (full 1):
 PSYoungGen      total 71680K, used 5090K [0x00000000d5a00000, 0x00000000dee00000, 0x0000000100000000)
  eden space 66560K, 0% used [0x00000000d5a00000,0x00000000d5a00000,0x00000000d9b00000)
  from space 5120K, 99% used [0x00000000d9b00000,0x00000000d9ff8860,0x00000000da000000)
  to   space 9216K, 0% used [0x00000000de500000,0x00000000de500000,0x00000000dee00000)
 ParOldGen       total 87552K, used 7610K [0x0000000080e00000, 0x0000000086380000, 0x00000000d5a00000)
  object space 87552K, 8% used [0x0000000080e00000,0x000000008156e9a0,0x0000000086380000)
 Metaspace       used 20216K, capacity 21120K, committed 21248K, reserved 1067008K
  class space    used 2520K, capacity 2724K, committed 2816K, reserved 1048576K
Event: 1.718 GC heap after
Heap after GC invocations=6 (full 1):
 PSYoungGen      total 71680K, used 0K [0x00000000d5a00000, 0x00000000dee00000, 0x0000000100000000)
  eden space 66560K, 0% used [0x00000000d5a00000,0x00000000d5a00000,0x00000000d9b00000)
  from space 5120K, 0% used [0x00000000d9b00000,0x00000000d9b00000,0x00000000da000000)
  to   space 9216K, 0% used [0x00000000de500000,0x00000000de500000,0x00000000dee00000)
 ParOldGen       total 51712K, used 6877K [0x0000000080e00000, 0x0000000084080000, 0x00000000d5a00000)
  object space 51712K, 13% used [0x0000000080e00000,0x00000000814b7700,0x0000000084080000)
 Metaspace       used 20216K, capacity 21120K, committed 21248K, reserved 1067008K
  class space    used 2520K, capacity 2724K, committed 2816K, reserved 1048576K
}
Event: 2.640 GC heap before
{Heap before GC invocations=7 (full 1):
 PSYoungGen      total 71680K, used 66560K [0x00000000d5a00000, 0x00000000dee00000, 0x0000000100000000)
  eden space 66560K, 100% used [0x00000000d5a00000,0x00000000d9b00000,0x00000000d9b00000)
  from space 5120K, 0% used [0x00000000d9b00000,0x00000000d9b00000,0x00000000da000000)
  to   space 9216K, 0% used [0x00000000de500000,0x00000000de500000,0x00000000dee00000)
 ParOldGen       total 51712K, used 6877K [0x0000000080e00000, 0x0000000084080000, 0x00000000d5a00000)
  object space 51712K, 13% used [0x0000000080e00000,0x00000000814b7700,0x0000000084080000)
 Metaspace       used 25404K, capacity 26878K, committed 27136K, reserved 1073152K
  class space    used 3278K, capacity 3569K, committed 3584K, reserved 1048576K
Event: 2.649 GC heap after
Heap after GC invocations=7 (full 1):
 PSYoungGen      total 125440K, used 7985K [0x00000000d5a00000, 0x00000000ded00000, 0x0000000100000000)
  eden space 117248K, 0% used [0x00000000d5a00000,0x00000000d5a00000,0x00000000dcc80000)
  from space 8192K, 97% used [0x00000000de500000,0x00000000deccc4e8,0x00000000ded00000)
  to   space 9728K, 0% used [0x00000000dda00000,0x00000000dda00000,0x00000000de380000)
 ParOldGen       total 51712K, used 6885K [0x0000000080e00000, 0x0000000084080000, 0x00000000d5a00000)
  object space 51712K, 13% used [0x0000000080e00000,0x00000000814b9700,0x0000000084080000)
 Metaspace       used 25404K, capacity 26878K, committed 27136K, reserved 1073152K
  class space    used 3278K, capacity 3569K, committed 3584K, reserved 1048576K
}
Event: 3.704 GC heap before
{Heap before GC invocations=8 (full 1):
 PSYoungGen      total 125440K, used 111236K [0x00000000d5a00000, 0x00000000ded00000, 0x0000000100000000)
  eden space 117248K, 88% used [0x00000000d5a00000,0x00000000dbed4c00,0x00000000dcc80000)
  from space 8192K, 97% used [0x00000000de500000,0x00000000deccc4e8,0x00000000ded00000)
  to   space 9728K, 0% used [0x00000000dda00000,0x00000000dda00000,0x00000000de380000)
 ParOldGen       total 51712K, used 6885K [0x0000000080e00000, 0x0000000084080000, 0x00000000d5a00000)
  object space 51712K, 13% used [0x0000000080e00000,0x00000000814b9700,0x0000000084080000)
 Metaspace       used 33248K, capacity 35360K, committed 35416K, reserved 1079296K
  class space    used 4297K, capacity 4722K, committed 4736K, reserved 1048576K
Event: 3.716 GC heap after
Heap after GC invocations=8 (full 1):
 PSYoungGen      total 126976K, used 9710K [0x00000000d5a00000, 0x00000000ded00000, 0x0000000100000000)
  eden space 117248K, 0% used [0x00000000d5a00000,0x00000000d5a00000,0x00000000dcc80000)
  from space 9728K, 99% used [0x00000000dda00000,0x00000000de37ba58,0x00000000de380000)
  to   space 8192K, 0% used [0x00000000de500000,0x00000000de500000,0x00000000ded00000)
 ParOldGen       total 51712K, used 8169K [0x0000000080e00000, 0x0000000084080000, 0x00000000d5a00000)
  object space 51712K, 15% used [0x0000000080e00000,0x00000000815fa438,0x0000000084080000)
 Metaspace       used 33248K, capacity 35360K, committed 35416K, reserved 1079296K
  class space    used 4297K, capacity 4722K, committed 4736K, reserved 1048576K
}
Event: 3.716 GC heap before
{Heap before GC invocations=9 (full 2):
 PSYoungGen      total 126976K, used 9710K [0x00000000d5a00000, 0x00000000ded00000, 0x0000000100000000)
  eden space 117248K, 0% used [0x00000000d5a00000,0x00000000d5a00000,0x00000000dcc80000)
  from space 9728K, 99% used [0x00000000dda00000,0x00000000de37ba58,0x00000000de380000)
  to   space 8192K, 0% used [0x00000000de500000,0x00000000de500000,0x00000000ded00000)
 ParOldGen       total 51712K, used 8169K [0x0000000080e00000, 0x0000000084080000, 0x00000000d5a00000)
  object space 51712K, 15% used [0x0000000080e00000,0x00000000815fa438,0x0000000084080000)
 Metaspace       used 33248K, capacity 35360K, committed 35416K, reserved 1079296K
  class space    used 4297K, capacity 4722K, committed 4736K, reserved 1048576K
Event: 3.778 GC heap after
Heap after GC invocations=9 (full 2):
 PSYoungGen      total 126976K, used 0K [0x00000000d5a00000, 0x00000000ded00000, 0x0000000100000000)
  eden space 117248K, 0% used [0x00000000d5a00000,0x00000000d5a00000,0x00000000dcc80000)
  from space 9728K, 0% used [0x00000000dda00000,0x00000000dda00000,0x00000000de380000)
  to   space 8192K, 0% used [0x00000000de500000,0x00000000de500000,0x00000000ded00000)
 ParOldGen       total 51712K, used 15696K [0x0000000080e00000, 0x0000000084080000, 0x00000000d5a00000)
  object space 51712K, 30% used [0x0000000080e00000,0x0000000081d54338,0x0000000084080000)
 Metaspace       used 33248K, capacity 35360K, committed 35416K, reserved 1079296K
  class space    used 4297K, capacity 4722K, committed 4736K, reserved 1048576K
}

