# JRE version: Java(TM) SE Runtime Environment (8.0_202-b08) (build 1.8.0_202-b08)
# Java VM: Java HotSpot(TM) 64-Bit Server VM (25.202-b08 mixed mode windows-amd64 compressed oops)
Heap:
 PSYoungGen      total 114688K, used 19971K [0x00000000d5a00000, 0x00000000deb00000, 0x0000000100000000)
  eden space 108032K, 12% used [0x00000000d5a00000,0x00000000d6704648,0x00000000dc380000)
  from space 6656K, 99% used [0x00000000de480000,0x00000000deafc608,0x00000000deb00000)
  to   space 8192K, 0% used [0x00000000ddb00000,0x00000000ddb00000,0x00000000de300000)
 ParOldGen       total 53760K, used 6264K [0x0000000080e00000, 0x0000000084280000, 0x00000000d5a00000)
  object space 53760K, 11% used [0x0000000080e00000,0x000000008141e0d0,0x0000000084280000)
 Metaspace       used 25050K, capacity 26516K, committed 26624K, reserved 1073152K
  class space    used 3192K, capacity 3490K, committed 3584K, reserved 1048576K
GC Heap History (10 events):
Event: 1.410 GC heap before
{Heap before GC invocations=3 (full 0):
 PSYoungGen      total 38400K, used 38395K [0x00000000d5a00000, 0x00000000d8480000, 0x0000000100000000)
  eden space 33280K, 100% used [0x00000000d5a00000,0x00000000d7a80000,0x00000000d7a80000)
  from space 5120K, 99% used [0x00000000d7f80000,0x00000000d847ed78,0x00000000d8480000)
  to   space 5120K, 0% used [0x00000000d7a80000,0x00000000d7a80000,0x00000000d7f80000)
 ParOldGen       total 87552K, used 748K [0x0000000080e00000, 0x0000000086380000, 0x00000000d5a00000)
  object space 87552K, 0% used [0x0000000080e00000,0x0000000080ebb340,0x0000000086380000)
 Metaspace       used 17060K, capacity 17776K, committed 17920K, reserved 1064960K
  class space    used 2109K, capacity 2252K, committed 2304K, reserved 1048576K
Event: 1.418 GC heap after
Heap after GC invocations=3 (full 0):
 PSYoungGen      total 38400K, used 5097K [0x00000000d5a00000, 0x00000000da500000, 0x0000000100000000)
  eden space 33280K, 0% used [0x00000000d5a00000,0x00000000d5a00000,0x00000000d7a80000)
  from space 5120K, 99% used [0x00000000d7a80000,0x00000000d7f7a758,0x00000000d7f80000)
  to   space 5120K, 0% used [0x00000000da000000,0x00000000da000000,0x00000000da500000)
 ParOldGen       total 87552K, used 3316K [0x0000000080e00000, 0x0000000086380000, 0x00000000d5a00000)
  object space 87552K, 3% used [0x0000000080e00000,0x000000008113d168,0x0000000086380000)
 Metaspace       used 17060K, capacity 17776K, committed 17920K, reserved 1064960K
  class space    used 2109K, capacity 2252K, committed 2304K, reserved 1048576K
}
Event: 1.653 GC heap before
{Heap before GC invocations=4 (full 0):
 PSYoungGen      total 38400K, used 38376K [0x00000000d5a00000, 0x00000000da500000, 0x0000000100000000)
  eden space 33280K, 99% used [0x00000000d5a00000,0x00000000d7a7f9a0,0x00000000d7a80000)
  from space 5120K, 99% used [0x00000000d7a80000,0x00000000d7f7a758,0x00000000d7f80000)
  to   space 5120K, 0% used [0x00000000da000000,0x00000000da000000,0x00000000da500000)
 ParOldGen       total 87552K, used 5562K [0x0000000080e00000, 0x0000000086380000, 0x00000000d5a00000)
  object space 87552K, 6% used [0x0000000080e00000,0x000000008136e930,0x0000000086380000)
 Metaspace       used 19605K, capacity 20452K, committed 20608K, reserved 1067008K
  class space    used 2446K, capacity 2660K, committed 2688K, reserved 1048576K
Event: 1.660 GC heap after
Heap after GC invocations=4 (full 0):
 PSYoungGen      total 71680K, used 5119K [0x00000000d5a00000, 0x00000000da500000, 0x0000000100000000)
  eden space 66560K, 0% used [0x00000000d5a00000,0x00000000d5a00000,0x00000000d9b00000)
  from space 5120K, 99% used [0x00000000da000000,0x00000000da4fff68,0x00000000da500000)
  to   space 5120K, 0% used [0x00000000d9b00000,0x00000000d9b00000,0x00000000da000000)
 ParOldGen       total 87552K, used 7574K [0x0000000080e00000, 0x0000000086380000, 0x00000000d5a00000)
  object space 87552K, 8% used [0x0000000080e00000,0x0000000081565898,0x0000000086380000)
 Metaspace       used 19605K, capacity 20452K, committed 20608K, reserved 1067008K
  class space    used 2446K, capacity 2660K, committed 2688K, reserved 1048576K
}
Event: 1.747 GC heap before
{Heap before GC invocations=5 (full 0):
 PSYoungGen      total 71680K, used 40660K [0x00000000d5a00000, 0x00000000da500000, 0x0000000100000000)
  eden space 66560K, 53% used [0x00000000d5a00000,0x00000000d7cb5420,0x00000000d9b00000)
  from space 5120K, 99% used [0x00000000da000000,0x00000000da4fff68,0x00000000da500000)
  to   space 5120K, 0% used [0x00000000d9b00000,0x00000000d9b00000,0x00000000da000000)
 ParOldGen       total 87552K, used 7574K [0x0000000080e00000, 0x0000000086380000, 0x00000000d5a00000)
  object space 87552K, 8% used [0x0000000080e00000,0x0000000081565898,0x0000000086380000)
 Metaspace       used 20266K, capacity 21172K, committed 21248K, reserved 1067008K
  class space    used 2524K, capacity 2748K, committed 2816K, reserved 1048576K
Event: 1.753 GC heap after
Heap after GC invocations=5 (full 0):
 PSYoungGen      total 71680K, used 5088K [0x00000000d5a00000, 0x00000000ded00000, 0x0000000100000000)
  eden space 66560K, 0% used [0x00000000d5a00000,0x00000000d5a00000,0x00000000d9b00000)
  from space 5120K, 99% used [0x00000000d9b00000,0x00000000d9ff8130,0x00000000da000000)
  to   space 8704K, 0% used [0x00000000de480000,0x00000000de480000,0x00000000ded00000)
 ParOldGen       total 87552K, used 8794K [0x0000000080e00000, 0x0000000086380000, 0x00000000d5a00000)
  object space 87552K, 10% used [0x0000000080e00000,0x0000000081696a88,0x0000000086380000)
 Metaspace       used 20266K, capacity 21172K, committed 21248K, reserved 1067008K
  class space    used 2524K, capacity 2748K, committed 2816K, reserved 1048576K
}
Event: 1.753 GC heap before
{Heap before GC invocations=6 (full 1):
 PSYoungGen      total 71680K, used 5088K [0x00000000d5a00000, 0x00000000ded00000, 0x0000000100000000)
  eden space 66560K, 0% used [0x00000000d5a00000,0x00000000d5a00000,0x00000000d9b00000)
  from space 5120K, 99% used [0x00000000d9b00000,0x00000000d9ff8130,0x00000000da000000)
  to   space 8704K, 0% used [0x00000000de480000,0x00000000de480000,0x00000000ded00000)
 ParOldGen       total 87552K, used 8794K [0x0000000080e00000, 0x0000000086380000, 0x00000000d5a00000)
  object space 87552K, 10% used [0x0000000080e00000,0x0000000081696a88,0x0000000086380000)
 Metaspace       used 20266K, capacity 21172K, committed 21248K, reserved 1067008K
  class space    used 2524K, capacity 2748K, committed 2816K, reserved 1048576K
Event: 1.780 GC heap after
Heap after GC invocations=6 (full 1):
 PSYoungGen      total 71680K, used 0K [0x00000000d5a00000, 0x00000000ded00000, 0x0000000100000000)
  eden space 66560K, 0% used [0x00000000d5a00000,0x00000000d5a00000,0x00000000d9b00000)
  from space 5120K, 0% used [0x00000000d9b00000,0x00000000d9b00000,0x00000000da000000)
  to   space 8704K, 0% used [0x00000000de480000,0x00000000de480000,0x00000000ded00000)
 ParOldGen       total 53760K, used 6256K [0x0000000080e00000, 0x0000000084280000, 0x00000000d5a00000)
  object space 53760K, 11% used [0x0000000080e00000,0x000000008141c0d0,0x0000000084280000)
 Metaspace       used 20266K, capacity 21172K, committed 21248K, reserved 1067008K
  class space    used 2524K, capacity 2748K, committed 2816K, reserved 1048576K
}
Event: 2.581 GC heap before
{Heap before GC invocations=7 (full 1):
 PSYoungGen      total 71680K, used 66560K [0x00000000d5a00000, 0x00000000ded00000, 0x0000000100000000)
  eden space 66560K, 100% used [0x00000000d5a00000,0x00000000d9b00000,0x00000000d9b00000)
  from space 5120K, 0% used [0x00000000d9b00000,0x00000000d9b00000,0x00000000da000000)
  to   space 8704K, 0% used [0x00000000de480000,0x00000000de480000,0x00000000ded00000)
 ParOldGen       total 53760K, used 6256K [0x0000000080e00000, 0x0000000084280000, 0x00000000d5a00000)
  object space 53760K, 11% used [0x0000000080e00000,0x000000008141c0d0,0x0000000084280000)
 Metaspace       used 24013K, capacity 25354K, committed 25600K, reserved 1071104K
  class space    used 3050K, capacity 3299K, committed 3328K, reserved 1048576K
Event: 2.588 GC heap after
Heap after GC invocations=7 (full 1):
 PSYoungGen      total 114688K, used 6641K [0x00000000d5a00000, 0x00000000deb00000, 0x0000000100000000)
  eden space 108032K, 0% used [0x00000000d5a00000,0x00000000d5a00000,0x00000000dc380000)
  from space 6656K, 99% used [0x00000000de480000,0x00000000deafc608,0x00000000deb00000)
  to   space 8192K, 0% used [0x00000000ddb00000,0x00000000ddb00000,0x00000000de300000)
 ParOldGen       total 53760K, used 6264K [0x0000000080e00000, 0x0000000084280000, 0x00000000d5a00000)
  object space 53760K, 11% used [0x0000000080e00000,0x000000008141e0d0,0x0000000084280000)
 Metaspace       used 24013K, capacity 25354K, committed 25600K, reserved 1071104K
  class space    used 3050K, capacity 3299K, committed 3328K, reserved 1048576K
}

