# JRE version: Java(TM) SE Runtime Environment (8.0_202-b08) (build 1.8.0_202-b08)
# Java VM: Java HotSpot(TM) 64-Bit Server VM (25.202-b08 mixed mode windows-amd64 compressed oops)
Heap:
 PSYoungGen      total 142336K, used 31472K [0x00000000d5a00000, 0x00000000e1000000, 0x0000000100000000)
  eden space 132096K, 23% used [0x00000000d5a00000,0x00000000d78bc118,0x00000000ddb00000)
  from space 10240K, 0% used [0x00000000e0600000,0x00000000e0600000,0x00000000e1000000)
  to   space 8192K, 0% used [0x00000000ddb00000,0x00000000ddb00000,0x00000000de300000)
 ParOldGen       total 82432K, used 12743K [0x0000000080e00000, 0x0000000085e80000, 0x00000000d5a00000)
  object space 82432K, 15% used [0x0000000080e00000,0x0000000081a71e40,0x0000000085e80000)
 Metaspace       used 35928K, capacity 38122K, committed 38232K, reserved 1083392K
  class space    used 4762K, capacity 5166K, committed 5248K, reserved 1048576K
GC Heap History (10 events):
Event: 1.945 GC heap before
{Heap before GC invocations=6 (full 1):
 PSYoungGen      total 71680K, used 5099K [0x00000000d5a00000, 0x00000000dec00000, 0x0000000100000000)
  eden space 66560K, 0% used [0x00000000d5a00000,0x00000000d5a00000,0x00000000d9b00000)
  from space 5120K, 99% used [0x00000000d9b00000,0x00000000d9ffacc0,0x00000000da000000)
  to   space 8192K, 0% used [0x00000000de400000,0x00000000de400000,0x00000000dec00000)
 ParOldGen       total 87552K, used 6269K [0x0000000080e00000, 0x0000000086380000, 0x00000000d5a00000)
  object space 87552K, 7% used [0x0000000080e00000,0x000000008141f7b8,0x0000000086380000)
 Metaspace       used 20265K, capacity 21144K, committed 21248K, reserved 1067008K
  class space    used 2521K, capacity 2716K, committed 2816K, reserved 1048576K
Event: 1.974 GC heap after
Heap after GC invocations=6 (full 1):
 PSYoungGen      total 71680K, used 0K [0x00000000d5a00000, 0x00000000dec00000, 0x0000000100000000)
  eden space 66560K, 0% used [0x00000000d5a00000,0x00000000d5a00000,0x00000000d9b00000)
  from space 5120K, 0% used [0x00000000d9b00000,0x00000000d9b00000,0x00000000da000000)
  to   space 8192K, 0% used [0x00000000de400000,0x00000000de400000,0x00000000dec00000)
 ParOldGen       total 54272K, used 6315K [0x0000000080e00000, 0x0000000084300000, 0x00000000d5a00000)
  object space 54272K, 11% used [0x0000000080e00000,0x000000008142adc0,0x0000000084300000)
 Metaspace       used 20265K, capacity 21144K, committed 21248K, reserved 1067008K
  class space    used 2521K, capacity 2716K, committed 2816K, reserved 1048576K
}
Event: 2.698 GC heap before
{Heap before GC invocations=7 (full 1):
 PSYoungGen      total 71680K, used 66560K [0x00000000d5a00000, 0x00000000dec00000, 0x0000000100000000)
  eden space 66560K, 100% used [0x00000000d5a00000,0x00000000d9b00000,0x00000000d9b00000)
  from space 5120K, 0% used [0x00000000d9b00000,0x00000000d9b00000,0x00000000da000000)
  to   space 8192K, 0% used [0x00000000de400000,0x00000000de400000,0x00000000dec00000)
 ParOldGen       total 54272K, used 6315K [0x0000000080e00000, 0x0000000084300000, 0x00000000d5a00000)
  object space 54272K, 11% used [0x0000000080e00000,0x000000008142adc0,0x0000000084300000)
 Metaspace       used 24120K, capacity 25422K, committed 25600K, reserved 1071104K
  class space    used 3052K, capacity 3299K, committed 3328K, reserved 1048576K
Event: 2.704 GC heap after
Heap after GC invocations=7 (full 1):
 PSYoungGen      total 113664K, used 6674K [0x00000000d5a00000, 0x00000000deb00000, 0x0000000100000000)
  eden space 106496K, 0% used [0x00000000d5a00000,0x00000000d5a00000,0x00000000dc200000)
  from space 7168K, 93% used [0x00000000de400000,0x00000000dea84848,0x00000000deb00000)
  to   space 8192K, 0% used [0x00000000ddb00000,0x00000000ddb00000,0x00000000de300000)
 ParOldGen       total 54272K, used 6323K [0x0000000080e00000, 0x0000000084300000, 0x00000000d5a00000)
  object space 54272K, 11% used [0x0000000080e00000,0x000000008142cdc0,0x0000000084300000)
 Metaspace       used 24120K, capacity 25422K, committed 25600K, reserved 1071104K
  class space    used 3052K, capacity 3299K, committed 3328K, reserved 1048576K
}
Event: 4.020 GC heap before
{Heap before GC invocations=8 (full 1):
 PSYoungGen      total 113664K, used 113170K [0x00000000d5a00000, 0x00000000deb00000, 0x0000000100000000)
  eden space 106496K, 100% used [0x00000000d5a00000,0x00000000dc200000,0x00000000dc200000)
  from space 7168K, 93% used [0x00000000de400000,0x00000000dea84848,0x00000000deb00000)
  to   space 8192K, 0% used [0x00000000ddb00000,0x00000000ddb00000,0x00000000de300000)
 ParOldGen       total 54272K, used 6323K [0x0000000080e00000, 0x0000000084300000, 0x00000000d5a00000)
  object space 54272K, 11% used [0x0000000080e00000,0x000000008142cdc0,0x0000000084300000)
 Metaspace       used 31085K, capacity 33120K, committed 33408K, reserved 1079296K
  class space    used 3984K, capacity 4370K, committed 4480K, reserved 1048576K
Event: 4.031 GC heap after
Heap after GC invocations=8 (full 1):
 PSYoungGen      total 140288K, used 8175K [0x00000000d5a00000, 0x00000000e1000000, 0x0000000100000000)
  eden space 132096K, 0% used [0x00000000d5a00000,0x00000000d5a00000,0x00000000ddb00000)
  from space 8192K, 99% used [0x00000000ddb00000,0x00000000de2fbff0,0x00000000de300000)
  to   space 10240K, 0% used [0x00000000e0600000,0x00000000e0600000,0x00000000e1000000)
 ParOldGen       total 54272K, used 8279K [0x0000000080e00000, 0x0000000084300000, 0x00000000d5a00000)
  object space 54272K, 15% used [0x0000000080e00000,0x0000000081615fd8,0x0000000084300000)
 Metaspace       used 31085K, capacity 33120K, committed 33408K, reserved 1079296K
  class space    used 3984K, capacity 4370K, committed 4480K, reserved 1048576K
}
Event: 4.314 GC heap before
{Heap before GC invocations=9 (full 1):
 PSYoungGen      total 140288K, used 37188K [0x00000000d5a00000, 0x00000000e1000000, 0x0000000100000000)
  eden space 132096K, 21% used [0x00000000d5a00000,0x00000000d7655298,0x00000000ddb00000)
  from space 8192K, 99% used [0x00000000ddb00000,0x00000000de2fbff0,0x00000000de300000)
  to   space 10240K, 0% used [0x00000000e0600000,0x00000000e0600000,0x00000000e1000000)
 ParOldGen       total 54272K, used 8279K [0x0000000080e00000, 0x0000000084300000, 0x00000000d5a00000)
  object space 54272K, 15% used [0x0000000080e00000,0x0000000081615fd8,0x0000000084300000)
 Metaspace       used 33263K, capacity 35340K, committed 35416K, reserved 1079296K
  class space    used 4280K, capacity 4690K, committed 4736K, reserved 1048576K
Event: 4.321 GC heap after
Heap after GC invocations=9 (full 1):
 PSYoungGen      total 142336K, used 8119K [0x00000000d5a00000, 0x00000000e1000000, 0x0000000100000000)
  eden space 132096K, 0% used [0x00000000d5a00000,0x00000000d5a00000,0x00000000ddb00000)
  from space 10240K, 79% used [0x00000000e0600000,0x00000000e0dede18,0x00000000e1000000)
  to   space 8192K, 0% used [0x00000000ddb00000,0x00000000ddb00000,0x00000000de300000)
 ParOldGen       total 54272K, used 8287K [0x0000000080e00000, 0x0000000084300000, 0x00000000d5a00000)
  object space 54272K, 15% used [0x0000000080e00000,0x0000000081617fd8,0x0000000084300000)
 Metaspace       used 33263K, capacity 35340K, committed 35416K, reserved 1079296K
  class space    used 4280K, capacity 4690K, committed 4736K, reserved 1048576K
}
Event: 4.321 GC heap before
{Heap before GC invocations=10 (full 2):
 PSYoungGen      total 142336K, used 8119K [0x00000000d5a00000, 0x00000000e1000000, 0x0000000100000000)
  eden space 132096K, 0% used [0x00000000d5a00000,0x00000000d5a00000,0x00000000ddb00000)
  from space 10240K, 79% used [0x00000000e0600000,0x00000000e0dede18,0x00000000e1000000)
  to   space 8192K, 0% used [0x00000000ddb00000,0x00000000ddb00000,0x00000000de300000)
 ParOldGen       total 54272K, used 8287K [0x0000000080e00000, 0x0000000084300000, 0x00000000d5a00000)
  object space 54272K, 15% used [0x0000000080e00000,0x0000000081617fd8,0x0000000084300000)
 Metaspace       used 33263K, capacity 35340K, committed 35416K, reserved 1079296K
  class space    used 4280K, capacity 4690K, committed 4736K, reserved 1048576K
Event: 4.374 GC heap after
Heap after GC invocations=10 (full 2):
 PSYoungGen      total 142336K, used 0K [0x00000000d5a00000, 0x00000000e1000000, 0x0000000100000000)
  eden space 132096K, 0% used [0x00000000d5a00000,0x00000000d5a00000,0x00000000ddb00000)
  from space 10240K, 0% used [0x00000000e0600000,0x00000000e0600000,0x00000000e1000000)
  to   space 8192K, 0% used [0x00000000ddb00000,0x00000000ddb00000,0x00000000de300000)
 ParOldGen       total 82432K, used 12743K [0x0000000080e00000, 0x0000000085e80000, 0x00000000d5a00000)
  object space 82432K, 15% used [0x0000000080e00000,0x0000000081a71e40,0x0000000085e80000)
 Metaspace       used 33263K, capacity 35340K, committed 35416K, reserved 1079296K
  class space    used 4280K, capacity 4690K, committed 4736K, reserved 1048576K
}

