# JRE version: Java(TM) SE Runtime Environment (8.0_202-b08) (build 1.8.0_202-b08)
# Java VM: Java HotSpot(TM) 64-Bit Server VM (25.202-b08 mixed mode windows-amd64 compressed oops)
Heap:
 PSYoungGen      total 173056K, used 11966K [0x00000000d5a00000, 0x00000000e3b00000, 0x0000000100000000)
  eden space 162816K, 7% used [0x00000000d5a00000,0x00000000d65af9f0,0x00000000df900000)
  from space 10240K, 0% used [0x00000000e0300000,0x00000000e0300000,0x00000000e0d00000)
  to   space 10240K, 0% used [0x00000000df900000,0x00000000df900000,0x00000000e0300000)
 ParOldGen       total 55296K, used 12759K [0x0000000080e00000, 0x0000000084400000, 0x00000000d5a00000)
  object space 55296K, 23% used [0x0000000080e00000,0x0000000081a75e10,0x0000000084400000)
 Metaspace       used 34184K, capacity 36296K, committed 36568K, reserved 1081344K
  class space    used 4442K, capacity 4821K, committed 4864K, reserved 1048576K
GC Heap History (10 events):
Event: 1.486 GC heap before
{Heap before GC invocations=6 (full 1):
 PSYoungGen      total 71680K, used 5114K [0x00000000d5a00000, 0x00000000ded00000, 0x0000000100000000)
  eden space 66560K, 0% used [0x00000000d5a00000,0x00000000d5a00000,0x00000000d9b00000)
  from space 5120K, 99% used [0x00000000d9b00000,0x00000000d9ffe808,0x00000000da000000)
  to   space 8704K, 0% used [0x00000000de480000,0x00000000de480000,0x00000000ded00000)
 ParOldGen       total 87552K, used 8591K [0x0000000080e00000, 0x0000000086380000, 0x00000000d5a00000)
  object space 87552K, 9% used [0x0000000080e00000,0x0000000081663e50,0x0000000086380000)
 Metaspace       used 20278K, capacity 21168K, committed 21248K, reserved 1067008K
  class space    used 2522K, capacity 2748K, committed 2816K, reserved 1048576K
Event: 1.514 GC heap after
Heap after GC invocations=6 (full 1):
 PSYoungGen      total 71680K, used 0K [0x00000000d5a00000, 0x00000000ded00000, 0x0000000100000000)
  eden space 66560K, 0% used [0x00000000d5a00000,0x00000000d5a00000,0x00000000d9b00000)
  from space 5120K, 0% used [0x00000000d9b00000,0x00000000d9b00000,0x00000000da000000)
  to   space 8704K, 0% used [0x00000000de480000,0x00000000de480000,0x00000000ded00000)
 ParOldGen       total 55296K, used 6369K [0x0000000080e00000, 0x0000000084400000, 0x00000000d5a00000)
  object space 55296K, 11% used [0x0000000080e00000,0x0000000081438570,0x0000000084400000)
 Metaspace       used 20278K, capacity 21168K, committed 21248K, reserved 1067008K
  class space    used 2522K, capacity 2748K, committed 2816K, reserved 1048576K
}
Event: 2.159 GC heap before
{Heap before GC invocations=7 (full 1):
 PSYoungGen      total 71680K, used 66560K [0x00000000d5a00000, 0x00000000ded00000, 0x0000000100000000)
  eden space 66560K, 100% used [0x00000000d5a00000,0x00000000d9b00000,0x00000000d9b00000)
  from space 5120K, 0% used [0x00000000d9b00000,0x00000000d9b00000,0x00000000da000000)
  to   space 8704K, 0% used [0x00000000de480000,0x00000000de480000,0x00000000ded00000)
 ParOldGen       total 55296K, used 6369K [0x0000000080e00000, 0x0000000084400000, 0x00000000d5a00000)
  object space 55296K, 11% used [0x0000000080e00000,0x0000000081438570,0x0000000084400000)
 Metaspace       used 24270K, capacity 25564K, committed 25728K, reserved 1071104K
  class space    used 3075K, capacity 3330K, committed 3456K, reserved 1048576K
Event: 2.168 GC heap after
Heap after GC invocations=7 (full 1):
 PSYoungGen      total 112640K, used 6809K [0x00000000d5a00000, 0x00000000deb80000, 0x0000000100000000)
  eden space 105472K, 0% used [0x00000000d5a00000,0x00000000d5a00000,0x00000000dc100000)
  from space 7168K, 95% used [0x00000000de480000,0x00000000deb266d0,0x00000000deb80000)
  to   space 8704K, 0% used [0x00000000dda80000,0x00000000dda80000,0x00000000de300000)
 ParOldGen       total 55296K, used 6377K [0x0000000080e00000, 0x0000000084400000, 0x00000000d5a00000)
  object space 55296K, 11% used [0x0000000080e00000,0x000000008143a570,0x0000000084400000)
 Metaspace       used 24270K, capacity 25564K, committed 25728K, reserved 1071104K
  class space    used 3075K, capacity 3330K, committed 3456K, reserved 1048576K
}
Event: 3.204 GC heap before
{Heap before GC invocations=8 (full 1):
 PSYoungGen      total 112640K, used 112281K [0x00000000d5a00000, 0x00000000deb80000, 0x0000000100000000)
  eden space 105472K, 100% used [0x00000000d5a00000,0x00000000dc100000,0x00000000dc100000)
  from space 7168K, 95% used [0x00000000de480000,0x00000000deb266d0,0x00000000deb80000)
  to   space 8704K, 0% used [0x00000000dda80000,0x00000000dda80000,0x00000000de300000)
 ParOldGen       total 55296K, used 6377K [0x0000000080e00000, 0x0000000084400000, 0x00000000d5a00000)
  object space 55296K, 11% used [0x0000000080e00000,0x000000008143a570,0x0000000084400000)
 Metaspace       used 31066K, capacity 33122K, committed 33408K, reserved 1079296K
  class space    used 3994K, capacity 4375K, committed 4480K, reserved 1048576K
Event: 3.214 GC heap after
Heap after GC invocations=8 (full 1):
 PSYoungGen      total 140288K, used 8694K [0x00000000d5a00000, 0x00000000e0d00000, 0x0000000100000000)
  eden space 131584K, 0% used [0x00000000d5a00000,0x00000000d5a00000,0x00000000dda80000)
  from space 8704K, 99% used [0x00000000dda80000,0x00000000de2fd868,0x00000000de300000)
  to   space 10240K, 0% used [0x00000000e0300000,0x00000000e0300000,0x00000000e0d00000)
 ParOldGen       total 55296K, used 7572K [0x0000000080e00000, 0x0000000084400000, 0x00000000d5a00000)
  object space 55296K, 13% used [0x0000000080e00000,0x00000000815651d0,0x0000000084400000)
 Metaspace       used 31066K, capacity 33122K, committed 33408K, reserved 1079296K
  class space    used 3994K, capacity 4375K, committed 4480K, reserved 1048576K
}
Event: 3.452 GC heap before
{Heap before GC invocations=9 (full 1):
 PSYoungGen      total 140288K, used 38234K [0x00000000d5a00000, 0x00000000e0d00000, 0x0000000100000000)
  eden space 131584K, 22% used [0x00000000d5a00000,0x00000000d76d9230,0x00000000dda80000)
  from space 8704K, 99% used [0x00000000dda80000,0x00000000de2fd868,0x00000000de300000)
  to   space 10240K, 0% used [0x00000000e0300000,0x00000000e0300000,0x00000000e0d00000)
 ParOldGen       total 55296K, used 7572K [0x0000000080e00000, 0x0000000084400000, 0x00000000d5a00000)
  object space 55296K, 13% used [0x0000000080e00000,0x00000000815651d0,0x0000000084400000)
 Metaspace       used 33259K, capacity 35328K, committed 35416K, reserved 1079296K
  class space    used 4296K, capacity 4690K, committed 4736K, reserved 1048576K
Event: 3.464 GC heap after
Heap after GC invocations=9 (full 1):
 PSYoungGen      total 173056K, used 8055K [0x00000000d5a00000, 0x00000000e3b00000, 0x0000000100000000)
  eden space 162816K, 0% used [0x00000000d5a00000,0x00000000d5a00000,0x00000000df900000)
  from space 10240K, 78% used [0x00000000e0300000,0x00000000e0adde18,0x00000000e0d00000)
  to   space 10240K, 0% used [0x00000000df900000,0x00000000df900000,0x00000000e0300000)
 ParOldGen       total 55296K, used 7580K [0x0000000080e00000, 0x0000000084400000, 0x00000000d5a00000)
  object space 55296K, 13% used [0x0000000080e00000,0x00000000815671d0,0x0000000084400000)
 Metaspace       used 33259K, capacity 35328K, committed 35416K, reserved 1079296K
  class space    used 4296K, capacity 4690K, committed 4736K, reserved 1048576K
}
Event: 3.464 GC heap before
{Heap before GC invocations=10 (full 2):
 PSYoungGen      total 173056K, used 8055K [0x00000000d5a00000, 0x00000000e3b00000, 0x0000000100000000)
  eden space 162816K, 0% used [0x00000000d5a00000,0x00000000d5a00000,0x00000000df900000)
  from space 10240K, 78% used [0x00000000e0300000,0x00000000e0adde18,0x00000000e0d00000)
  to   space 10240K, 0% used [0x00000000df900000,0x00000000df900000,0x00000000e0300000)
 ParOldGen       total 55296K, used 7580K [0x0000000080e00000, 0x0000000084400000, 0x00000000d5a00000)
  object space 55296K, 13% used [0x0000000080e00000,0x00000000815671d0,0x0000000084400000)
 Metaspace       used 33259K, capacity 35328K, committed 35416K, reserved 1079296K
  class space    used 4296K, capacity 4690K, committed 4736K, reserved 1048576K
Event: 3.525 GC heap after
Heap after GC invocations=10 (full 2):
 PSYoungGen      total 173056K, used 0K [0x00000000d5a00000, 0x00000000e3b00000, 0x0000000100000000)
  eden space 162816K, 0% used [0x00000000d5a00000,0x00000000d5a00000,0x00000000df900000)
  from space 10240K, 0% used [0x00000000e0300000,0x00000000e0300000,0x00000000e0d00000)
  to   space 10240K, 0% used [0x00000000df900000,0x00000000df900000,0x00000000e0300000)
 ParOldGen       total 55296K, used 12759K [0x0000000080e00000, 0x0000000084400000, 0x00000000d5a00000)
  object space 55296K, 23% used [0x0000000080e00000,0x0000000081a75e10,0x0000000084400000)
 Metaspace       used 33259K, capacity 35328K, committed 35416K, reserved 1079296K
  class space    used 4296K, capacity 4690K, committed 4736K, reserved 1048576K
}

