# JRE version: Java(TM) SE Runtime Environment (8.0_202-b08) (build 1.8.0_202-b08)
# Java VM: Java HotSpot(TM) 64-Bit Server VM (25.202-b08 mixed mode windows-amd64 compressed oops)
Heap:
 PSYoungGen      total 182272K, used 155756K [0x00000000d5a00000, 0x00000000e4000000, 0x0000000100000000)
  eden space 172032K, 90% used [0x00000000d5a00000,0x00000000df21b370,0x00000000e0200000)
  from space 10240K, 0% used [0x00000000e0c00000,0x00000000e0c00000,0x00000000e1600000)
  to   space 10240K, 0% used [0x00000000e0200000,0x00000000e0200000,0x00000000e0c00000)
 ParOldGen       total 79872K, used 12651K [0x0000000080e00000, 0x0000000085c00000, 0x00000000d5a00000)
  object space 79872K, 15% used [0x0000000080e00000,0x0000000081a5ae10,0x0000000085c00000)
 Metaspace       used 48636K, capacity 51202K, committed 51416K, reserved 1093632K
  class space    used 6630K, capacity 7084K, committed 7168K, reserved 1048576K
GC Heap History (10 events):
Event: 1.582 GC heap before
{Heap before GC invocations=6 (full 1):
 PSYoungGen      total 71680K, used 5104K [0x00000000d5a00000, 0x00000000dec00000, 0x0000000100000000)
  eden space 66560K, 0% used [0x00000000d5a00000,0x00000000d5a00000,0x00000000d9b00000)
  from space 5120K, 99% used [0x00000000d9b00000,0x00000000d9ffc2d8,0x00000000da000000)
  to   space 8192K, 0% used [0x00000000de400000,0x00000000de400000,0x00000000dec00000)
 ParOldGen       total 87552K, used 6397K [0x0000000080e00000, 0x0000000086380000, 0x00000000d5a00000)
  object space 87552K, 7% used [0x0000000080e00000,0x000000008143f610,0x0000000086380000)
 Metaspace       used 20284K, capacity 21164K, committed 21248K, reserved 1067008K
  class space    used 2529K, capacity 2748K, committed 2816K, reserved 1048576K
Event: 1.608 GC heap after
Heap after GC invocations=6 (full 1):
 PSYoungGen      total 71680K, used 0K [0x00000000d5a00000, 0x00000000dec00000, 0x0000000100000000)
  eden space 66560K, 0% used [0x00000000d5a00000,0x00000000d5a00000,0x00000000d9b00000)
  from space 5120K, 0% used [0x00000000d9b00000,0x00000000d9b00000,0x00000000da000000)
  to   space 8192K, 0% used [0x00000000de400000,0x00000000de400000,0x00000000dec00000)
 ParOldGen       total 53760K, used 6369K [0x0000000080e00000, 0x0000000084280000, 0x00000000d5a00000)
  object space 53760K, 11% used [0x0000000080e00000,0x0000000081438498,0x0000000084280000)
 Metaspace       used 20284K, capacity 21164K, committed 21248K, reserved 1067008K
  class space    used 2529K, capacity 2748K, committed 2816K, reserved 1048576K
}
Event: 2.283 GC heap before
{Heap before GC invocations=7 (full 1):
 PSYoungGen      total 71680K, used 66560K [0x00000000d5a00000, 0x00000000dec00000, 0x0000000100000000)
  eden space 66560K, 100% used [0x00000000d5a00000,0x00000000d9b00000,0x00000000d9b00000)
  from space 5120K, 0% used [0x00000000d9b00000,0x00000000d9b00000,0x00000000da000000)
  to   space 8192K, 0% used [0x00000000de400000,0x00000000de400000,0x00000000dec00000)
 ParOldGen       total 53760K, used 6369K [0x0000000080e00000, 0x0000000084280000, 0x00000000d5a00000)
  object space 53760K, 11% used [0x0000000080e00000,0x0000000081438498,0x0000000084280000)
 Metaspace       used 24327K, capacity 25616K, committed 25984K, reserved 1071104K
  class space    used 3092K, capacity 3330K, committed 3456K, reserved 1048576K
Event: 2.289 GC heap after
Heap after GC invocations=7 (full 1):
 PSYoungGen      total 115712K, used 6934K [0x00000000d5a00000, 0x00000000deb00000, 0x0000000100000000)
  eden space 108544K, 0% used [0x00000000d5a00000,0x00000000d5a00000,0x00000000dc400000)
  from space 7168K, 96% used [0x00000000de400000,0x00000000deac5850,0x00000000deb00000)
  to   space 8704K, 0% used [0x00000000dda00000,0x00000000dda00000,0x00000000de280000)
 ParOldGen       total 53760K, used 6377K [0x0000000080e00000, 0x0000000084280000, 0x00000000d5a00000)
  object space 53760K, 11% used [0x0000000080e00000,0x000000008143a498,0x0000000084280000)
 Metaspace       used 24327K, capacity 25616K, committed 25984K, reserved 1071104K
  class space    used 3092K, capacity 3330K, committed 3456K, reserved 1048576K
}
Event: 3.538 GC heap before
{Heap before GC invocations=8 (full 1):
 PSYoungGen      total 115712K, used 115478K [0x00000000d5a00000, 0x00000000deb00000, 0x0000000100000000)
  eden space 108544K, 100% used [0x00000000d5a00000,0x00000000dc400000,0x00000000dc400000)
  from space 7168K, 96% used [0x00000000de400000,0x00000000deac5850,0x00000000deb00000)
  to   space 8704K, 0% used [0x00000000dda00000,0x00000000dda00000,0x00000000de280000)
 ParOldGen       total 53760K, used 6377K [0x0000000080e00000, 0x0000000084280000, 0x00000000d5a00000)
  object space 53760K, 11% used [0x0000000080e00000,0x000000008143a498,0x0000000084280000)
 Metaspace       used 31214K, capacity 33298K, committed 33408K, reserved 1079296K
  class space    used 4021K, capacity 4411K, committed 4480K, reserved 1048576K
Event: 3.549 GC heap after
Heap after GC invocations=8 (full 1):
 PSYoungGen      total 139776K, used 8697K [0x00000000d5a00000, 0x00000000e1600000, 0x0000000100000000)
  eden space 131072K, 0% used [0x00000000d5a00000,0x00000000d5a00000,0x00000000dda00000)
  from space 8704K, 99% used [0x00000000dda00000,0x00000000de27e748,0x00000000de280000)
  to   space 10240K, 0% used [0x00000000e0c00000,0x00000000e0c00000,0x00000000e1600000)
 ParOldGen       total 53760K, used 7667K [0x0000000080e00000, 0x0000000084280000, 0x00000000d5a00000)
  object space 53760K, 14% used [0x0000000080e00000,0x000000008157ce38,0x0000000084280000)
 Metaspace       used 31214K, capacity 33298K, committed 33408K, reserved 1079296K
  class space    used 4021K, capacity 4411K, committed 4480K, reserved 1048576K
}
Event: 3.802 GC heap before
{Heap before GC invocations=9 (full 1):
 PSYoungGen      total 139776K, used 33022K [0x00000000d5a00000, 0x00000000e1600000, 0x0000000100000000)
  eden space 131072K, 18% used [0x00000000d5a00000,0x00000000d71c1228,0x00000000dda00000)
  from space 8704K, 99% used [0x00000000dda00000,0x00000000de27e748,0x00000000de280000)
  to   space 10240K, 0% used [0x00000000e0c00000,0x00000000e0c00000,0x00000000e1600000)
 ParOldGen       total 53760K, used 7667K [0x0000000080e00000, 0x0000000084280000, 0x00000000d5a00000)
  object space 53760K, 14% used [0x0000000080e00000,0x000000008157ce38,0x0000000084280000)
 Metaspace       used 33264K, capacity 35324K, committed 35416K, reserved 1079296K
  class space    used 4297K, capacity 4690K, committed 4736K, reserved 1048576K
Event: 3.814 GC heap after
Heap after GC invocations=9 (full 1):
 PSYoungGen      total 182272K, used 7972K [0x00000000d5a00000, 0x00000000e4000000, 0x0000000100000000)
  eden space 172032K, 0% used [0x00000000d5a00000,0x00000000d5a00000,0x00000000e0200000)
  from space 10240K, 77% used [0x00000000e0c00000,0x00000000e13c9088,0x00000000e1600000)
  to   space 10240K, 0% used [0x00000000e0200000,0x00000000e0200000,0x00000000e0c00000)
 ParOldGen       total 53760K, used 7675K [0x0000000080e00000, 0x0000000084280000, 0x00000000d5a00000)
  object space 53760K, 14% used [0x0000000080e00000,0x000000008157ee38,0x0000000084280000)
 Metaspace       used 33264K, capacity 35324K, committed 35416K, reserved 1079296K
  class space    used 4297K, capacity 4690K, committed 4736K, reserved 1048576K
}
Event: 3.814 GC heap before
{Heap before GC invocations=10 (full 2):
 PSYoungGen      total 182272K, used 7972K [0x00000000d5a00000, 0x00000000e4000000, 0x0000000100000000)
  eden space 172032K, 0% used [0x00000000d5a00000,0x00000000d5a00000,0x00000000e0200000)
  from space 10240K, 77% used [0x00000000e0c00000,0x00000000e13c9088,0x00000000e1600000)
  to   space 10240K, 0% used [0x00000000e0200000,0x00000000e0200000,0x00000000e0c00000)
 ParOldGen       total 53760K, used 7675K [0x0000000080e00000, 0x0000000084280000, 0x00000000d5a00000)
  object space 53760K, 14% used [0x0000000080e00000,0x000000008157ee38,0x0000000084280000)
 Metaspace       used 33264K, capacity 35324K, committed 35416K, reserved 1079296K
  class space    used 4297K, capacity 4690K, committed 4736K, reserved 1048576K
Event: 3.880 GC heap after
Heap after GC invocations=10 (full 2):
 PSYoungGen      total 182272K, used 0K [0x00000000d5a00000, 0x00000000e4000000, 0x0000000100000000)
  eden space 172032K, 0% used [0x00000000d5a00000,0x00000000d5a00000,0x00000000e0200000)
  from space 10240K, 0% used [0x00000000e0c00000,0x00000000e0c00000,0x00000000e1600000)
  to   space 10240K, 0% used [0x00000000e0200000,0x00000000e0200000,0x00000000e0c00000)
 ParOldGen       total 79872K, used 12651K [0x0000000080e00000, 0x0000000085c00000, 0x00000000d5a00000)
  object space 79872K, 15% used [0x0000000080e00000,0x0000000081a5ae10,0x0000000085c00000)
 Metaspace       used 33264K, capacity 35324K, committed 35416K, reserved 1079296K
  class space    used 4297K, capacity 4690K, committed 4736K, reserved 1048576K
}

